2024-10-18T09:40:29+00:00 DEBUG POST: https://business-api.tiktok.com/tbp/v2.0/business_profile/disconnect?external_data=

{"business_platform":"WOO_COMMERCE","external_business_id":"tt4b_woocommerce_670fa469a1b69"}
 ajax: no
2024-10-18T09:40:30+00:00 DEBUG Tt4b_Mapi_Class::tbp_post: Response: 

HTTP/1.1 200 OK
Content-Type: application/json; charset=utf-8
Content-Length: 95
X-Api-Deprecation-Info: API for Business Version 1.3 is now live. To avoid disruption to your business, we recommend you migrate all calls to v1.3 as soon as possible. Please visit our migration guide for more details: https://ads.tiktok.com/marketing_api/docs?id=1740029169927169
X-Domain-Change-Info: We have moved to the new domain business-api.tiktok.com for API services after the Platform Upgrade on 09/30/2021. Please update all of your requests with the new domain if you haven't done so already. For more information, please visit https://ads.tiktok.com/marketing_api/docs?rid=esb88xalm6m&id=1709207085043713
X-Tt-Logid: 2024101809403000A3F394AD02D11F3BBB
x-tt-trace-host: 018fddca8bcbdc9e0afbeefc092d220bc36a4e05b01f075666e741f44a960f62e675ea4b8bd8d7bb63b5fb28b39265500eeb9cfd8a6012bb44a093075400690a8440cb2d79dce53232f3d01f0138ab897c2f8f3bc2b63abb48f7e7af924e28bc96f2bb40fda501c62af9a306cbd1b789dd
x-tt-trace-id: 00-24101809403000A3F394AD02D11F3BBB-3C84CAE87E18A32C-00
Server: TLB
X-Origin-Response-Time: 17,184.27.123.62
X-Akamai-Request-ID: 739751b.25f792eb
Expires: Fri, 18 Oct 2024 09:40:31 GMT
Cache-Control: max-age=0, no-cache, no-store
Pragma: no-cache
Date: Fri, 18 Oct 2024 09:40:31 GMT
X-Cache: TCP_MISS from a2-21-247-204.deploy.akamaitechnologies.com (AkamaiGHost/11.6.5-30d892fcde524eb1bee7eeb45111707d) (-)
Connection: close
X-Cache-Remote: TCP_MISS from a184-27-123-62.deploy.akamaitechnologies.com (AkamaiGHost/11.6.5-30d892fcde524eb1bee7eeb45111707d) (-)
x-tt-trace-tag: id=16;cdn-cache=miss;type=dyn
Server-Timing: cdn-cache; desc=MISS, edge; dur=157, origin; dur=17
Server-Timing: inner; dur=9
X-Parent-Response-Time: 173,2.21.247.204

{"code":40001,"message":"Permission denied.","request_id":"2024101809403000A3F394AD02D11F3BBB"}

2024-10-18T09:40:30+00:00 DEBUG POST: https://business-api.tiktok.com/tbp/v2.0/shop/connection/disconnect?external_data=

--- EMPTY STRING ---
 ajax: no
2024-10-18T09:40:31+00:00 DEBUG Tt4b_Mapi_Class::tts_shop_disconnect: Response: 

HTTP/1.1 200 OK
Content-Type: application/json; charset=utf-8
Content-Length: 95
X-Api-Deprecation-Info: API for Business Version 1.3 is now live. To avoid disruption to your business, we recommend you migrate all calls to v1.3 as soon as possible. Please visit our migration guide for more details: https://ads.tiktok.com/marketing_api/docs?id=1740029169927169
X-Domain-Change-Info: We have moved to the new domain business-api.tiktok.com for API services after the Platform Upgrade on 09/30/2021. Please update all of your requests with the new domain if you haven't done so already. For more information, please visit https://ads.tiktok.com/marketing_api/docs?rid=esb88xalm6m&id=1709207085043713
X-Tt-Logid: 202410180940311FD6A2B04734171F7AC3
Server-Timing: inner; dur=5
x-tt-trace-host: 018fddca8bcbdc9e0afbeefc092d220bc3e1a561fe37902a0f226ffd6411f27de3918f670883af684ee5271090c84d8c55533ac846156a61d738975e8ad62551bebd2bf8cf092a06503d926febb4fbf8c6f0eb709da89acc2c30753e2887a08d8d
x-tt-trace-id: 00-2410180940311FD6A2B04734171F7AC3-326F5A995BDEB9F2-00
Server: TLB
Expires: Fri, 18 Oct 2024 09:40:32 GMT
Cache-Control: max-age=0, no-cache, no-store
Pragma: no-cache
Date: Fri, 18 Oct 2024 09:40:32 GMT
X-Cache: TCP_MISS from a2-21-247-201.deploy.akamaitechnologies.com (AkamaiGHost/11.6.5-30d892fcde524eb1bee7eeb45111707d) (-)
Connection: close
x-tt-trace-tag: id=16;cdn-cache=miss;type=dyn
Server-Timing: cdn-cache; desc=MISS, edge; dur=1, origin; dur=166
X-Origin-Response-Time: 166,2.21.247.201
X-Akamai-Request-ID: 1f3e8cdf

{"code":40001,"message":"Permission denied.","request_id":"202410180940311FD6A2B04734171F7AC3"}

2024-10-18T10:23:05+00:00 DEBUG POST: https://ads.tiktok.com/marketing_api/api/developer/app/create_auto_approve/

{"business_platform":"PROD","smb_id":"tt4b_woocommerce_670fa469a1b69httpsitetestwp-admin","smb_name":"PROD","redirect_url":"http:\/\/sitetest\/wp-admin\/"}
 ajax: no
2024-10-18T10:23:05+00:00 DEBUG Tt4b_Mapi_Class::create_open_source_app: Response: 

HTTP/1.1 200 OK
Content-Type: application/json
Content-Length: 38
X-Tt-Logid: 202410181023057D4C9ACE59CA53219189,202410181023057D4C9ACE59CA53219189
Strict-Transport-Security: max-age=31536000; includeSubDomains
Server-Timing: inner; dur=43
x-tt-trace-host: 01a350f30a338c4359e8f6135dd18bc76838de3aeda1b43d72066c6ca09ce30b4e7ab81be0314a96fb2b04e55206753e498e705ded90e336674389fc31da1157d33d4545e6604cc3b8eee4d163b983e7167b46a61f8ab69ff3dbbd37459ed871fb
x-tt-trace-id: 00-2410181023057D4C9ACE59CA53219189-498C28D00F477582-00
Server: TLB
Date: Fri, 18 Oct 2024 10:23:07 GMT
X-Cache: TCP_MISS from a23-77-196-183.deploy.akamaitechnologies.com (AkamaiGHost/11.6.5-0c617a4be13e71cac2c90d10d87ecf54) (-)
Connection: close
x-tt-trace-tag: id=16;cdn-cache=miss;type=dyn
Server-Timing: cdn-cache; desc=MISS, edge; dur=3, origin; dur=198
X-Origin-Response-Time: 199,23.77.196.183
X-Akamai-Request-ID: 7c18d3e

{"code":40000,"msg":"Parameter error"}

